[info][01:11:57 --pid:8648 --ppid:8461 --name:queue_task:Master]：
master setSignal
[info][01:11:57 --pid:8650 --ppid:8648 --name:queue_task:Worker5866]：
setSignal worker: 8650--8650
[info][01:11:57 --pid:8650 --ppid:8648 --name:queue_task:Worker5866]：
run worker, times: 0，res：''
[info][01:11:57 --pid:8649 --ppid:8648 --name:queue_task:Worker1316]：
setSignal worker: 8649--8649
[info][01:11:57 --pid:8649 --ppid:8648 --name:queue_task:Worker1316]：
run worker, times: 0，res：''
[info][01:12:00 --pid:8650 --ppid:8648 --name:queue_task:Worker5866]：
run worker, times: 1，res：''
[info][01:12:00 --pid:8649 --ppid:8648 --name:queue_task:Worker1316]：
run worker, times: 1，res：''
[info][01:12:03 --pid:8650 --ppid:8648 --name:queue_task:Worker5866]：
run worker, times: 2，res：''
[info][01:12:03 --pid:8649 --ppid:8648 --name:queue_task:Worker1316]：
run worker, times: 2，res：''
[info][01:12:06 --pid:8650 --ppid:8648 --name:queue_task:Worker5866]：
run worker, times: 3，res：''
[info][01:12:06 --pid:8649 --ppid:8648 --name:queue_task:Worker1316]：
run worker, times: 3，res：''
[info][01:12:09 --pid:8650 --ppid:8648 --name:queue_task:Worker5866]：
run worker, times: 4，res：''
[info][01:12:09 --pid:8649 --ppid:8648 --name:queue_task:Worker1316]：
run worker, times: 4，res：''
[info][01:12:10 --pid:8648 --ppid:8461 --name:queue_task:Master]：
master kill 8649 , return true
[info][01:12:10 --pid:8648 --ppid:8461 --name:queue_task:Master]：
master kill 8650 , return true
[info][01:12:10 --pid:8649 --ppid:8648 --name:queue_task:Worker1316]：
run worker, times: 5，res：''
[info][01:12:10 --pid:8649 --ppid:8648 --name:queue_task:Worker1316]：
receive stop
[info][01:12:10 --pid:8649 --ppid:8648 --name:queue_task:Worker1316]：
run stop
[info][01:12:10 --pid:8650 --ppid:8648 --name:queue_task:Worker5866]：
run worker, times: 5，res：''
[info][01:12:10 --pid:8650 --ppid:8648 --name:queue_task:Worker5866]：
receive stop
[info][01:12:10 --pid:8650 --ppid:8648 --name:queue_task:Worker5866]：
run stop
[info][01:13:46 --pid:8671 --ppid:8461 --name:queue_task:Master]：
master setSignal
[info][01:13:46 --pid:8673 --ppid:8671 --name:queue_task:Worker5169]：
setSignal worker: 8673--8673
[info][01:13:46 --pid:8673 --ppid:8671 --name:queue_task:Worker5169]：
run worker, times: 0，res：''
[info][01:13:46 --pid:8672 --ppid:8671 --name:queue_task:Worker8458]：
setSignal worker: 8672--8672
[info][01:13:46 --pid:8672 --ppid:8671 --name:queue_task:Worker8458]：
run worker, times: 0，res：''
[info][01:13:49 --pid:8673 --ppid:8671 --name:queue_task:Worker5169]：
run worker, times: 1，res：''
[info][01:13:49 --pid:8672 --ppid:8671 --name:queue_task:Worker8458]：
run worker, times: 1，res：''
[info][01:13:52 --pid:8673 --ppid:8671 --name:queue_task:Worker5169]：
run worker, times: 2，res：''
[info][01:13:52 --pid:8672 --ppid:8671 --name:queue_task:Worker8458]：
run worker, times: 2，res：''
[info][01:13:55 --pid:8673 --ppid:8671 --name:queue_task:Worker5169]：
run worker, times: 3，res：''
[info][01:13:55 --pid:8672 --ppid:8671 --name:queue_task:Worker8458]：
run worker, times: 3，res：''
[info][01:13:58 --pid:8673 --ppid:8671 --name:queue_task:Worker5169]：
run worker, times: 4，res：''
[info][01:13:58 --pid:8672 --ppid:8671 --name:queue_task:Worker8458]：
run worker, times: 4，res：''
[info][01:14:01 --pid:8673 --ppid:8671 --name:queue_task:Worker5169]：
run worker, times: 5，res：''
[info][01:14:01 --pid:8672 --ppid:8671 --name:queue_task:Worker8458]：
run worker, times: 5，res：''
[info][01:14:04 --pid:8673 --ppid:8671 --name:queue_task:Worker5169]：
run worker, times: 6，res：''
[info][01:14:04 --pid:8672 --ppid:8671 --name:queue_task:Worker8458]：
run worker, times: 6，res：''
[info][01:14:07 --pid:8673 --ppid:8671 --name:queue_task:Worker5169]：
run worker, times: 7，res：''
[info][01:14:07 --pid:8672 --ppid:8671 --name:queue_task:Worker8458]：
run worker, times: 7，res：''
[info][01:14:10 --pid:8673 --ppid:8671 --name:queue_task:Worker5169]：
run worker, times: 8，res：''
[info][01:14:10 --pid:8672 --ppid:8671 --name:queue_task:Worker8458]：
run worker, times: 8，res：''
[info][01:14:12 --pid:8671 --ppid:8461 --name:queue_task:Master]：
master kill 8672 , return true
[info][01:14:12 --pid:8671 --ppid:8461 --name:queue_task:Master]：
master kill 8673 , return true
[info][01:14:12 --pid:8672 --ppid:8671 --name:queue_task:Worker8458]：
run worker, times: 9，res：''
[info][01:14:12 --pid:8672 --ppid:8671 --name:queue_task:Worker8458]：
receive stop
[info][01:14:12 --pid:8672 --ppid:8671 --name:queue_task:Worker8458]：
run stop
[info][01:14:12 --pid:8673 --ppid:8671 --name:queue_task:Worker5169]：
run worker, times: 9，res：''
[info][01:14:12 --pid:8673 --ppid:8671 --name:queue_task:Worker5169]：
receive stop
[info][01:14:12 --pid:8673 --ppid:8671 --name:queue_task:Worker5169]：
run stop
[info][01:16:42][8461:8680][queue_task:Master]：master setSignal
[info][01:16:42][8680:8682][queue_task:Worker2283]：setSignal worker: 8682--8682
[info][01:16:42][8680:8681][queue_task:Worker8273]：setSignal worker: 8681--8681
[info][01:16:42][8680:8682][queue_task:Worker2283]：run worker, times: 0，res：''
[info][01:16:42][8680:8681][queue_task:Worker8273]：run worker, times: 0，res：''
[info][01:16:45][8680:8682][queue_task:Worker2283]：run worker, times: 1，res：''
[info][01:16:45][8680:8681][queue_task:Worker8273]：run worker, times: 1，res：''
[info][01:16:48][8680:8682][queue_task:Worker2283]：run worker, times: 2，res：''
[info][01:16:48][8680:8681][queue_task:Worker8273]：run worker, times: 2，res：''
[info][01:16:51][8680:8682][queue_task:Worker2283]：run worker, times: 3，res：''
[info][01:16:51][8680:8681][queue_task:Worker8273]：run worker, times: 3，res：''
[info][01:16:54][8680:8682][queue_task:Worker2283]：run worker, times: 4，res：''
[info][01:16:54][8680:8681][queue_task:Worker8273]：run worker, times: 4，res：''
[info][01:16:57][8680:8682][queue_task:Worker2283]：run worker, times: 5，res：''
[info][01:16:57][8680:8681][queue_task:Worker8273]：run worker, times: 5，res：''
[info][01:17:00][8680:8682][queue_task:Worker2283]：run worker, times: 6，res：''
[info][01:17:00][8680:8681][queue_task:Worker8273]：run worker, times: 6，res：''
[info][01:17:03][8680:8682][queue_task:Worker2283]：run worker, times: 7，res：''
[info][01:17:03][8680:8681][queue_task:Worker8273]：run worker, times: 7，res：''
[info][01:17:06][8680:8682][queue_task:Worker2283]：run worker, times: 8，res：''
[info][01:17:06][8680:8681][queue_task:Worker8273]：run worker, times: 8，res：''
[info][01:17:06][8680:8681][queue_task:Worker8273]：run worker, times: 9，res：''
[info][01:17:06][8680:8681][queue_task:Worker8273]：receive stop
[info][01:17:06][8680:8681][queue_task:Worker8273]：run stop
[info][01:17:06][8680:8682][queue_task:Worker2283]：run worker, times: 9，res：''
[info][01:17:06][8680:8682][queue_task:Worker2283]：receive stop
[info][01:17:06][8680:8682][queue_task:Worker2283]：run stop
[info][01:17:11][8680:8691][queue_task:Worker4071]：setSignal worker: 8691--8691
[info][01:17:11][8680:8691][queue_task:Worker4071]：run worker, times: 0，res：''
[info][01:17:11][8680:8690][queue_task:Worker9643]：setSignal worker: 8690--8690
[info][01:17:11][8680:8690][queue_task:Worker9643]：run worker, times: 0，res：''
[info][01:17:14][8680:8691][queue_task:Worker4071]：run worker, times: 1，res：''
[info][01:17:14][8680:8690][queue_task:Worker9643]：run worker, times: 1，res：''
[info][01:17:17][8680:8691][queue_task:Worker4071]：run worker, times: 2，res：''
[info][01:17:17][8680:8690][queue_task:Worker9643]：run worker, times: 2，res：''
[info][01:17:20][8680:8691][queue_task:Worker4071]：run worker, times: 3，res：''
[info][01:17:20][8680:8690][queue_task:Worker9643]：run worker, times: 3，res：''
[info][01:17:23][8680:8691][queue_task:Worker4071]：run worker, times: 4，res：''
[info][01:17:23][8680:8690][queue_task:Worker9643]：run worker, times: 4，res：''
[info][01:17:26][8680:8691][queue_task:Worker4071]：run worker, times: 5，res：''
[info][01:17:26][8680:8690][queue_task:Worker9643]：run worker, times: 5，res：''
[info][01:17:29][8680:8690][queue_task:Worker9643]：run worker, times: 6，res：''
[info][01:17:29][8680:8690][queue_task:Worker9643]：receive stop
[info][01:17:29][8680:8690][queue_task:Worker9643]：run stop
[info][01:17:29][8680:8691][queue_task:Worker4071]：run worker, times: 6，res：''
[info][01:17:29][8680:8691][queue_task:Worker4071]：receive stop
[info][01:17:29][8680:8691][queue_task:Worker4071]：run stop
[info][01:44:35][]：create ... 
[info][01:44:35][queue_task:Master]：create ok !
[info][01:44:35][queue_task:Master]：running ... 
[info][01:44:35][queue_task:Master]：create ... 
[info][01:44:35][queue_task:Worker8733]：create ok !
[info][01:44:35][queue_task:Worker8733]：running ... 
[info][01:44:35][queue_task:Worker8733]：run worker, times: 0，res：''
[info][01:44:35][queue_task:Master]：create ... 
[info][01:44:35][queue_task:Worker8732]：create ok !
[info][01:44:35][queue_task:Worker8732]：running ... 
[info][01:44:35][queue_task:Worker8732]：run worker, times: 0，res：''
[info][01:44:38][queue_task:Worker8733]：run worker, times: 1，res：''
[info][01:44:38][queue_task:Worker8732]：run worker, times: 1，res：''
[info][01:44:41][queue_task:Worker8733]：run worker, times: 2，res：''
[info][01:44:41][queue_task:Worker8732]：run worker, times: 2，res：''
[info][01:44:44][queue_task:Worker8733]：run worker, times: 3，res：''
[info][01:44:44][queue_task:Worker8732]：run worker, times: 3，res：''
[info][01:44:47][queue_task:Worker8733]：run worker, times: 4，res：''
[info][01:44:47][queue_task:Worker8732]：run worker, times: 4，res：''
[info][01:44:50][queue_task:Worker8733]：run worker, times: 5，res：''
[info][01:44:50][queue_task:Worker8732]：run worker, times: 5，res：''
[info][01:44:53][queue_task:Worker8733]：run worker, times: 6，res：''
[info][01:44:53][queue_task:Worker8732]：run worker, times: 6，res：''
[info][01:44:56][queue_task:Worker8733]：run worker, times: 7，res：''
[info][01:44:56][queue_task:Worker8732]：run worker, times: 7，res：''
[info][01:44:57][queue_task:Master]：stopping ... 
[info][01:44:57][queue_task:Master]：stopped !!!
[info][01:44:57][queue_task:Worker8732]：run worker, times: 8，res：''
[info][01:44:57][queue_task:Worker8732]：stopping ... 
[info][01:44:57][queue_task:Worker8732]：stopped !!!
[info][01:44:57][queue_task:Worker8733]：run worker, times: 8，res：''
[info][01:44:57][queue_task:Worker8733]：stopping ... 
[info][01:44:57][queue_task:Worker8733]：stopped !!!
[info][01:47:18][queue_task:Master]：create ok !
[info][01:47:18][queue_task:Master]：running ... 
[info][01:47:18][queue_task:Worker:8741]：create ok !
[info][01:47:18][queue_task:Worker:8741]：running ... 
[info][01:47:18][queue_task:Worker:8741]：run worker, times: 0
[info][01:47:18][queue_task:Worker:8740]：create ok !
[info][01:47:18][queue_task:Worker:8740]：running ... 
[info][01:47:18][queue_task:Worker:8740]：run worker, times: 0
[info][01:47:21][queue_task:Worker:8741]：run worker, times: 1
[info][01:47:21][queue_task:Worker:8740]：run worker, times: 1
[info][01:47:24][queue_task:Worker:8741]：run worker, times: 2
[info][01:47:24][queue_task:Worker:8740]：run worker, times: 2
[info][01:47:27][queue_task:Worker:8741]：run worker, times: 3
[info][01:47:27][queue_task:Worker:8740]：run worker, times: 3
[info][01:47:28][queue_task:Master]：stopping ... 
[info][01:47:28][queue_task:Master]：stopped !!!
[info][01:47:28][queue_task:Worker:8740]：run worker, times: 4
[info][01:47:28][queue_task:Worker:8740]：stopping ... 
[info][01:47:28][queue_task:Worker:8740]：stopped !!!
[info][01:47:28][queue_task:Worker:8741]：run worker, times: 4
[info][01:47:28][queue_task:Worker:8741]：stopping ... 
[info][01:47:28][queue_task:Worker:8741]：stopped !!!
[info][01:49:49][queue_task:Master]：create ok !
[info][01:49:49][queue_task:Master]：running ... 
[info][01:49:49][queue_task:Worker:8747]：create ok !
[info][01:49:49][queue_task:Worker:8747]：running ... 
[info][01:49:49][queue_task:Worker:8747]：run worker, times: 0
[info][01:49:49][queue_task:Worker:8746]：create ok !
[info][01:49:49][queue_task:Worker:8746]：running ... 
[info][01:49:49][queue_task:Worker:8746]：run worker, times: 0
[info][01:49:52][queue_task:Worker:8747]：run worker, times: 1
[info][01:49:52][queue_task:Worker:8746]：run worker, times: 1
[info][01:49:55][queue_task:Worker:8747]：run worker, times: 2
[info][01:49:55][queue_task:Worker:8746]：run worker, times: 2
[info][01:49:57][queue_task:Master]：restarting ... 
[info][01:49:57][queue_task:Worker:8746]：run worker, times: 3
[info][01:49:57][queue_task:Worker:8746]：stopping ... 
[info][01:49:57][queue_task:Worker:8746]：stopped !!!
[info][01:49:57][queue_task:Worker:8747]：run worker, times: 3
[info][01:49:57][queue_task:Worker:8747]：stopping ... 
[info][01:49:57][queue_task:Worker:8747]：stopped !!!
[info][01:50:02][queue_task:Master]：restarted
[info][01:50:02][queue_task:Worker:8758]：create ok !
[info][01:50:02][queue_task:Worker:8758]：running ... 
[info][01:50:02][queue_task:Worker:8758]：run worker, times: 0
[info][01:50:02][queue_task:Worker:8757]：create ok !
[info][01:50:02][queue_task:Worker:8757]：running ... 
[info][01:50:02][queue_task:Worker:8757]：run worker, times: 0
[info][01:50:05][queue_task:Worker:8758]：run worker, times: 1
[info][01:50:05][queue_task:Worker:8757]：run worker, times: 1
[info][01:50:08][queue_task:Worker:8758]：run worker, times: 2
[info][01:50:08][queue_task:Worker:8757]：run worker, times: 2
[info][01:50:10][queue_task:Master]：stopping ... 
[info][01:50:10][queue_task:Master]：stopped !!!
[info][01:50:10][queue_task:Worker:8757]：run worker, times: 3
[info][01:50:10][queue_task:Worker:8757]：stopping ... 
[info][01:50:10][queue_task:Worker:8757]：stopped !!!
[info][01:50:10][queue_task:Worker:8758]：run worker, times: 3
[info][01:50:10][queue_task:Worker:8758]：stopping ... 
[info][01:50:10][queue_task:Worker:8758]：stopped !!!
[info][02:03:33][queue_task:Master]：create ok !
[info][02:05:01][queue_task:Master]：create ok !
[info][02:05:01][queue_task:Master]：running ... 
[info][02:05:01][queue_task:Worker:8785]：create ok !
[info][02:05:01][queue_task:Worker:8785]：running ... 
[info][02:05:01][queue_task:Worker:8785]：run worker, times: 0
[info][02:05:01][queue_task:Worker:8784]：create ok !
[info][02:05:01][queue_task:Worker:8784]：running ... 
[info][02:05:01][queue_task:Worker:8784]：run worker, times: 0
[info][02:05:04][queue_task:Worker:8785]：run worker, times: 1
[info][02:05:04][queue_task:Worker:8784]：run worker, times: 1
[info][02:05:07][queue_task:Worker:8785]：run worker, times: 2
[info][02:05:07][queue_task:Worker:8784]：run worker, times: 2
[info][02:05:10][queue_task:Worker:8785]：run worker, times: 3
[info][02:05:10][queue_task:Worker:8784]：run worker, times: 3
[info][02:05:13][queue_task:Master]：stopping ... 
[info][02:05:13][queue_task:Master]：stopped !!!
[info][02:05:13][queue_task:Worker:8784]：run worker, times: 4
[info][02:05:13][queue_task:Worker:8784]：stopping ... 
[info][02:05:13][queue_task:Worker:8784]：stopped !!!
[info][02:05:13][queue_task:Worker:8785]：run worker, times: 4
[info][02:05:13][queue_task:Worker:8785]：stopping ... 
[info][02:05:13][queue_task:Worker:8785]：stopped !!!
[info][02:06:44][Master]：create ok !
[info][02:06:44][queue_task:Master]：running ... 
[info][02:06:44][Worker:8793]：create ok !
[info][02:06:44][Worker:8792]：create ok !
[info][02:06:44][Worker:8793]：running ... 
[info][02:06:44][Worker:8793]：run worker, times: 0
[info][02:06:44][Worker:8792]：running ... 
[info][02:06:44][Worker:8792]：run worker, times: 0
[info][02:06:47][Worker:8793]：run worker, times: 1
[info][02:06:47][Worker:8792]：run worker, times: 1
[info][02:06:50][Worker:8793]：run worker, times: 2
[info][02:06:50][Worker:8792]：run worker, times: 2
[info][02:06:53][Worker:8793]：run worker, times: 3
[info][02:06:53][Worker:8792]：run worker, times: 3
[info][02:06:56][Worker:8793]：run worker, times: 4
[info][02:06:56][Worker:8792]：run worker, times: 4
[info][02:06:59][Worker:8793]：run worker, times: 5
[info][02:06:59][Worker:8792]：run worker, times: 5
[info][02:07:02][Worker:8793]：run worker, times: 6
[info][02:07:02][Worker:8792]：run worker, times: 6
[info][02:07:05][Worker:8793]：run worker, times: 7
[info][02:07:05][Worker:8792]：run worker, times: 7
[info][02:07:08][Worker:8793]：run worker, times: 8
[info][02:07:08][Worker:8792]：run worker, times: 8
[info][02:07:11][Worker:8793]：run worker, times: 9
[info][02:07:11][Worker:8792]：run worker, times: 9
[info][02:07:11][queue_task:Master]：stopping ... 
[info][02:07:11][queue_task:Master]：stopped !!!
[info][02:07:11][Worker:8792]：run worker, times: 10
[info][02:07:11][Worker:8792]：stopping ... 
[info][02:07:11][Worker:8792]：stopped !!!
[info][02:07:11][Worker:8793]：run worker, times: 10
[info][02:07:11][Worker:8793]：stopping ... 
[info][02:07:11][Worker:8793]：stopped !!!
[info][Master 02:13:15]：create ok !
[info][queue_task:Master 02:13:15]：running ... 
[info][Worker:8806 02:13:15]：create ok !
[info][Worker:8806 02:13:15]：running ... 
[info][Worker:8806 02:13:15]：run worker, times: 0
[info][Worker:8805 02:13:15]：create ok !
[info][Worker:8805 02:13:15]：running ... 
[info][Worker:8805 02:13:15]：run worker, times: 0
[info][queue_task:Master 02:13:18]：stopping ... 
[info][queue_task:Master 02:13:18]：stopped !!!
[info][Worker:8806 02:13:18]：run worker, times: 1
[info][Worker:8806 02:13:18]：stopping ... 
[info][Worker:8806 02:13:18]：stopping ... 
[info][Worker:8806 02:13:18]：stopped !!!
[info][Worker:8805 02:13:18]：run worker, times: 1
[info][Worker:8805 02:13:18]：stopping ... 
[info][Worker:8805 02:13:18]：stopping ... 
[info][Worker:8805 02:13:18]：stopped !!!
[info][Master 02:13:24]：create ok !
[info][queue_task:Master 02:13:24]：running ... 
[info][Worker:8813 02:13:24]：create ok !
[info][Worker:8813 02:13:24]：running ... 
[info][Worker:8813 02:13:24]：run worker, times: 0
[info][Worker:8812 02:13:24]：create ok !
[info][Worker:8812 02:13:24]：running ... 
[info][Worker:8812 02:13:24]：run worker, times: 0
[info][Worker:8813 02:13:27]：run worker, times: 1
[info][Worker:8812 02:13:27]：run worker, times: 1
[info][Worker:8813 02:13:30]：run worker, times: 2
[info][Worker:8812 02:13:30]：run worker, times: 2
[info][Worker:8813 02:13:31]：run worker, times: 3
[info][Worker:8813 02:13:31]：stopping ... 
[info][Worker:8813 02:13:31]：stopped !!!
[info][Worker:8812 02:13:31]：run worker, times: 3
[info][Worker:8812 02:13:31]：stopping ... 
[info][Worker:8812 02:13:31]：stopped !!!
[info][queue_task:Master 02:13:31]：stopping ... 
[info][queue_task:Master 02:13:31]：stopped !!!
