[info][16:06:38 --pid:5391 --ppid:5212 --name:queue_task:Master]：setSignal
[info][16:06:38 --pid:5392 --ppid:5391 --name:queue_task:Worker]：setSignal
[info][16:10:24 --pid:5409 --ppid:5212 --name:queue_task:Master]：setSignal
[info][16:10:24 --pid:5410 --ppid:5409 --name:queue_task:Worker]：setSignal
[info][16:10:49 --pid:5409 --ppid:5212 --name:queue_task:Master]：master kill 5410 , return true
[info][16:11:55 --pid:5420 --ppid:5212 --name:queue_task:Master]：setSignal
[info][16:11:55 --pid:5421 --ppid:5420 --name:queue_task:Worker]：setSignal
[info][16:12:05 --pid:5420 --ppid:5212 --name:queue_task:Master]：master kill 5421 , return true
[info][16:20:01 --pid:5435 --ppid:5212 --name:queue_task:Master]：setSignal
[info][16:20:01 --pid:5436 --ppid:5435 --name:queue_task:Worker]：setSignal
[info][16:20:10 --pid:5435 --ppid:5212 --name:queue_task:Master]：master kill 5436 , return true
[info][17:46:38 --pid:5502 --ppid:5212 --name:queue_task:Master]：setSignal
[info][17:46:38 --pid:5503 --ppid:5502 --name:queue_task:Worker]：setSignal
[info][17:46:38 --pid:5503 --ppid:5502 --name:queue_task:Worker]：run worker, times: 0
[info][17:46:48 --pid:5503 --ppid:5502 --name:queue_task:Worker]：run worker, times: 1
[info][17:46:58 --pid:5502 --ppid:5212 --name:queue_task:Master]：master kill 5503 , return true
[info][17:46:58 --pid:5503 --ppid:5502 --name:queue_task:Worker]：run worker, times: 2
[info][17:47:08 --pid:5503 --ppid:5502 --name:queue_task:Worker]：run worker, times: 3
[info][17:47:18 --pid:5503 --ppid:5502 --name:queue_task:Worker]：run worker, times: 4
[info][17:47:28 --pid:5503 --ppid:5502 --name:queue_task:Worker]：run worker, times: 5
[info][17:47:38 --pid:5503 --ppid:5502 --name:queue_task:Worker]：run worker, times: 6
[info][17:47:48 --pid:5503 --ppid:1 --name:queue_task:Worker]：run worker, times: 7
[info][17:47:58 --pid:5503 --ppid:1 --name:queue_task:Worker]：run worker, times: 8
[info][17:48:08 --pid:5503 --ppid:1 --name:queue_task:Worker]：run worker, times: 9
[info][17:51:45 --pid:5523 --ppid:5212 --name:queue_task:Master]：
setSignal
[info][17:51:45 --pid:5524 --ppid:5523 --name:queue_task:Worker]：
setSignal
[info][17:51:45 --pid:5524 --ppid:5523 --name:queue_task:Worker]：
run worker, times: 0
[info][17:51:48 --pid:5524 --ppid:5523 --name:queue_task:Worker]：
run worker, times: 1
[info][17:51:51 --pid:5524 --ppid:5523 --name:queue_task:Worker]：
run worker, times: 2
[info][17:51:54 --pid:5524 --ppid:5523 --name:queue_task:Worker]：
run worker, times: 3
[info][17:51:57 --pid:5524 --ppid:5523 --name:queue_task:Worker]：
run worker, times: 4
[info][17:52:00 --pid:5524 --ppid:5523 --name:queue_task:Worker]：
run worker, times: 5
[info][17:52:03 --pid:5524 --ppid:5523 --name:queue_task:Worker]：
run worker, times: 6
[info][17:52:06 --pid:5524 --ppid:5523 --name:queue_task:Worker]：
run worker, times: 7
[info][17:52:09 --pid:5524 --ppid:5523 --name:queue_task:Worker]：
run worker, times: 8
[info][17:52:12 --pid:5524 --ppid:5523 --name:queue_task:Worker]：
run worker, times: 9
[info][17:52:15 --pid:5524 --ppid:5523 --name:queue_task:Worker]：
run worker, times: 10
[info][17:52:18 --pid:5524 --ppid:5523 --name:queue_task:Worker]：
run worker, times: 11
[info][17:52:21 --pid:5524 --ppid:5523 --name:queue_task:Worker]：
run worker, times: 12
[info][17:52:24 --pid:5524 --ppid:5523 --name:queue_task:Worker]：
run worker, times: 13
[info][17:52:27 --pid:5524 --ppid:5523 --name:queue_task:Worker]：
run worker, times: 14
[info][17:52:30 --pid:5524 --ppid:5523 --name:queue_task:Worker]：
run worker, times: 15
[info][17:52:33 --pid:5524 --ppid:5523 --name:queue_task:Worker]：
run worker, times: 16
[info][17:52:36 --pid:5524 --ppid:5523 --name:queue_task:Worker]：
run worker, times: 17
[info][17:52:39 --pid:5524 --ppid:5523 --name:queue_task:Worker]：
run worker, times: 18
[info][17:52:42 --pid:5524 --ppid:5523 --name:queue_task:Worker]：
run worker, times: 19
[info][17:52:45 --pid:5524 --ppid:5523 --name:queue_task:Worker]：
run worker, times: 20
[info][17:52:48 --pid:5524 --ppid:5523 --name:queue_task:Worker]：
run worker, times: 21
[info][17:52:51 --pid:5524 --ppid:5523 --name:queue_task:Worker]：
run worker, times: 22
[info][17:52:54 --pid:5524 --ppid:5523 --name:queue_task:Worker]：
run worker, times: 23
[info][17:52:57 --pid:5523 --ppid:5212 --name:queue_task:Master]：
master kill 5524 , return true
[info][17:52:57 --pid:5524 --ppid:5523 --name:queue_task:Worker]：
run worker, times: 24
[info][17:53:00 --pid:5524 --ppid:5523 --name:queue_task:Worker]：
run worker, times: 25
[info][17:53:03 --pid:5524 --ppid:5523 --name:queue_task:Worker]：
run worker, times: 26
[info][17:53:06 --pid:5524 --ppid:5523 --name:queue_task:Worker]：
run worker, times: 27
[info][17:53:09 --pid:5524 --ppid:5523 --name:queue_task:Worker]：
run worker, times: 28
[info][17:53:12 --pid:5524 --ppid:5523 --name:queue_task:Worker]：
run worker, times: 29
[info][17:53:15 --pid:5524 --ppid:5523 --name:queue_task:Worker]：
run worker, times: 30
[info][17:53:18 --pid:5524 --ppid:5523 --name:queue_task:Worker]：
run worker, times: 31
[info][17:53:21 --pid:5524 --ppid:5523 --name:queue_task:Worker]：
run worker, times: 32
[info][17:53:24 --pid:5524 --ppid:5523 --name:queue_task:Worker]：
run worker, times: 33
[info][17:53:27 --pid:5524 --ppid:5523 --name:queue_task:Worker]：
run worker, times: 34
[info][17:53:30 --pid:5524 --ppid:5523 --name:queue_task:Worker]：
run worker, times: 35
[info][17:56:27 --pid:5529 --ppid:5212 --name:queue_task:Master]：
setSignal
[info][17:56:27 --pid:5530 --ppid:5529 --name:queue_task:Worker]：
setSignal
[info][17:56:27 --pid:5530 --ppid:5529 --name:queue_task:Worker]：
run worker, times: 0
[info][17:56:30 --pid:5530 --ppid:5529 --name:queue_task:Worker]：
run worker, times: 1
[info][17:56:33 --pid:5530 --ppid:5529 --name:queue_task:Worker]：
run worker, times: 2
[info][17:56:35 --pid:5529 --ppid:5212 --name:queue_task:Master]：
master kill 5530 , return true
[info][17:58:44 --pid:5536 --ppid:5212 --name:queue_task:Master]：
setSignal
[info][17:58:44 --pid:5538 --ppid:5536 --name:queue_task:Worker]：
setSignal
[info][17:58:44 --pid:5537 --ppid:5536 --name:queue_task:Worker]：
setSignal
[info][17:58:44 --pid:5538 --ppid:5536 --name:queue_task:Worker]：
run worker, times: 0
[info][17:58:44 --pid:5537 --ppid:5536 --name:queue_task:Worker]：
run worker, times: 0
[info][17:58:47 --pid:5538 --ppid:5536 --name:queue_task:Worker]：
run worker, times: 1
[info][17:58:47 --pid:5537 --ppid:5536 --name:queue_task:Worker]：
run worker, times: 1
[info][17:58:50 --pid:5537 --ppid:5536 --name:queue_task:Worker]：
run worker, times: 2
[info][17:58:50 --pid:5538 --ppid:5536 --name:queue_task:Worker]：
run worker, times: 2
[info][17:58:53 --pid:5537 --ppid:5536 --name:queue_task:Worker]：
run worker, times: 3
[info][17:58:53 --pid:5538 --ppid:5536 --name:queue_task:Worker]：
run worker, times: 3
[info][17:58:54 --pid:5536 --ppid:5212 --name:queue_task:Master]：
master kill 5537 , return true
[info][17:58:54 --pid:5536 --ppid:5212 --name:queue_task:Master]：
master kill 5538 , return true
[info][17:59:41 --pid:5546 --ppid:5212 --name:queue_task:Master]：
setSignal
[info][17:59:41 --pid:5548 --ppid:5546 --name:queue_task:Worker]：
setSignal
[info][17:59:41 --pid:5547 --ppid:5546 --name:queue_task:Worker]：
setSignal
[info][17:59:41 --pid:5548 --ppid:5546 --name:queue_task:Worker]：
run worker, times: 0
[info][17:59:41 --pid:5547 --ppid:5546 --name:queue_task:Worker]：
run worker, times: 0
[info][17:59:44 --pid:5548 --ppid:5546 --name:queue_task:Worker]：
run worker, times: 1
[info][17:59:44 --pid:5547 --ppid:5546 --name:queue_task:Worker]：
run worker, times: 1
[info][17:59:47 --pid:5547 --ppid:5546 --name:queue_task:Worker]：
run worker, times: 2
[info][17:59:47 --pid:5548 --ppid:5546 --name:queue_task:Worker]：
run worker, times: 2
[info][17:59:50 --pid:5547 --ppid:5546 --name:queue_task:Worker]：
run worker, times: 3
[info][17:59:50 --pid:5548 --ppid:5546 --name:queue_task:Worker]：
run worker, times: 3
[info][17:59:53 --pid:5547 --ppid:5546 --name:queue_task:Worker]：
run worker, times: 4
[info][17:59:53 --pid:5548 --ppid:5546 --name:queue_task:Worker]：
run worker, times: 4
[info][17:59:56 --pid:5547 --ppid:5546 --name:queue_task:Worker]：
run worker, times: 5
[info][17:59:56 --pid:5548 --ppid:5546 --name:queue_task:Worker]：
run worker, times: 5
[info][17:59:59 --pid:5547 --ppid:1 --name:queue_task:Worker]：
run worker, times: 6
[info][17:59:59 --pid:5548 --ppid:1 --name:queue_task:Worker]：
run worker, times: 6
[info][18:00:02 --pid:5547 --ppid:1 --name:queue_task:Worker]：
run worker, times: 7
[info][18:00:02 --pid:5548 --ppid:1 --name:queue_task:Worker]：
run worker, times: 7
[info][18:00:05 --pid:5547 --ppid:1 --name:queue_task:Worker]：
run worker, times: 8
[info][18:00:05 --pid:5548 --ppid:1 --name:queue_task:Worker]：
run worker, times: 8
[info][18:00:08 --pid:5547 --ppid:1 --name:queue_task:Worker]：
run worker, times: 9
[info][18:00:08 --pid:5548 --ppid:1 --name:queue_task:Worker]：
run worker, times: 9
[info][18:00:11 --pid:5547 --ppid:1 --name:queue_task:Worker]：
run worker, times: 10
[info][18:00:11 --pid:5548 --ppid:1 --name:queue_task:Worker]：
run worker, times: 10
[info][18:00:14 --pid:5548 --ppid:1 --name:queue_task:Worker]：
run worker, times: 11
[info][18:02:18 --pid:5572 --ppid:5212 --name:queue_task:Master]：
setSignal
[info][18:02:18 --pid:5574 --ppid:5572 --name:queue_task:Worker]：
setSignal
[info][18:02:18 --pid:5573 --ppid:5572 --name:queue_task:Worker]：
setSignal
[info][18:02:18 --pid:5574 --ppid:5572 --name:queue_task:Worker]：
run worker, times: 0
[info][18:02:18 --pid:5573 --ppid:5572 --name:queue_task:Worker]：
run worker, times: 0
[info][18:02:21 --pid:5574 --ppid:5572 --name:queue_task:Worker]：
run worker, times: 1
[info][18:02:21 --pid:5573 --ppid:5572 --name:queue_task:Worker]：
run worker, times: 1
[info][18:02:24 --pid:5574 --ppid:5572 --name:queue_task:Worker]：
run worker, times: 2
[info][18:02:24 --pid:5573 --ppid:5572 --name:queue_task:Worker]：
run worker, times: 2
[info][18:02:27 --pid:5574 --ppid:5572 --name:queue_task:Worker]：
run worker, times: 3
[info][18:02:30 --pid:5574 --ppid:5572 --name:queue_task:Worker]：
run worker, times: 4
[info][18:02:33 --pid:5574 --ppid:5572 --name:queue_task:Worker]：
run worker, times: 5
[info][18:02:36 --pid:5574 --ppid:5572 --name:queue_task:Worker]：
run worker, times: 6
[info][18:02:39 --pid:5574 --ppid:5572 --name:queue_task:Worker]：
run worker, times: 7
[info][18:02:42 --pid:5574 --ppid:5572 --name:queue_task:Worker]：
run worker, times: 8
[info][18:02:58 --pid:5585 --ppid:5212 --name:queue_task:Master]：
setSignal
[info][18:02:58 --pid:5587 --ppid:5585 --name:queue_task:Worker]：
setSignal
[info][18:02:58 --pid:5586 --ppid:5585 --name:queue_task:Worker]：
setSignal
[info][18:02:58 --pid:5586 --ppid:5585 --name:queue_task:Worker]：
run worker, times: 0
[info][18:02:58 --pid:5587 --ppid:5585 --name:queue_task:Worker]：
run worker, times: 0
[info][18:03:01 --pid:5587 --ppid:5585 --name:queue_task:Worker]：
run worker, times: 1
[info][18:03:01 --pid:5586 --ppid:5585 --name:queue_task:Worker]：
run worker, times: 1
[info][18:03:03 --pid:5585 --ppid:5212 --name:queue_task:Master]：
master kill 5586 , return true
[info][18:03:03 --pid:5585 --ppid:5212 --name:queue_task:Master]：
master kill 5587 , return true
[info][18:03:04 --pid:5587 --ppid:5585 --name:queue_task:Worker]：
run worker, times: 2
[info][18:03:04 --pid:5586 --ppid:5585 --name:queue_task:Worker]：
run worker, times: 2
[info][18:03:07 --pid:5587 --ppid:5585 --name:queue_task:Worker]：
run worker, times: 3
[info][18:03:07 --pid:5586 --ppid:5585 --name:queue_task:Worker]：
run worker, times: 3
[info][18:03:10 --pid:5587 --ppid:5585 --name:queue_task:Worker]：
run worker, times: 4
[info][18:03:10 --pid:5586 --ppid:5585 --name:queue_task:Worker]：
run worker, times: 4
[info][18:03:13 --pid:5587 --ppid:5585 --name:queue_task:Worker]：
run worker, times: 5
[info][18:03:13 --pid:5586 --ppid:5585 --name:queue_task:Worker]：
run worker, times: 5
[info][18:03:16 --pid:5587 --ppid:5585 --name:queue_task:Worker]：
run worker, times: 6
[info][18:03:16 --pid:5586 --ppid:5585 --name:queue_task:Worker]：
run worker, times: 6
[info][18:03:19 --pid:5587 --ppid:1 --name:queue_task:Worker]：
run worker, times: 7
[info][18:03:22 --pid:5587 --ppid:1 --name:queue_task:Worker]：
run worker, times: 8
[info][18:03:25 --pid:5587 --ppid:1 --name:queue_task:Worker]：
run worker, times: 9
[info][18:03:28 --pid:5587 --ppid:1 --name:queue_task:Worker]：
run worker, times: 10
[info][18:03:31 --pid:5587 --ppid:1 --name:queue_task:Worker]：
run worker, times: 11
[info][18:03:34 --pid:5587 --ppid:1 --name:queue_task:Worker]：
run worker, times: 12
[info][18:03:37 --pid:5587 --ppid:1 --name:queue_task:Worker]：
run worker, times: 13
[info][18:03:40 --pid:5587 --ppid:1 --name:queue_task:Worker]：
run worker, times: 14
[info][18:03:43 --pid:5587 --ppid:1 --name:queue_task:Worker]：
run worker, times: 15
[info][18:03:46 --pid:5587 --ppid:1 --name:queue_task:Worker]：
run worker, times: 16
[info][18:03:49 --pid:5587 --ppid:1 --name:queue_task:Worker]：
run worker, times: 17
[info][18:03:52 --pid:5587 --ppid:1 --name:queue_task:Worker]：
run worker, times: 18
[info][18:10:57 --pid:5610 --ppid:5212 --name:queue_task:Master]：
setSignal
[info][18:10:57 --pid:5612 --ppid:5610 --name:queue_task:Worker]：
setSignal
[info][18:10:57 --pid:5611 --ppid:5610 --name:queue_task:Worker]：
setSignal
[info][18:10:57 --pid:5611 --ppid:5610 --name:queue_task:Worker]：
run worker, times: 0
[info][18:10:57 --pid:5612 --ppid:5610 --name:queue_task:Worker]：
run worker, times: 0
[info][18:11:00 --pid:5611 --ppid:5610 --name:queue_task:Worker]：
run worker, times: 1
[info][18:11:00 --pid:5612 --ppid:5610 --name:queue_task:Worker]：
run worker, times: 1
[info][18:11:03 --pid:5612 --ppid:5610 --name:queue_task:Worker]：
run worker, times: 2
[info][18:11:03 --pid:5611 --ppid:5610 --name:queue_task:Worker]：
run worker, times: 2
[info][18:11:06 --pid:5612 --ppid:5610 --name:queue_task:Worker]：
run worker, times: 3
[info][18:11:06 --pid:5611 --ppid:5610 --name:queue_task:Worker]：
run worker, times: 3
[info][18:11:06 --pid:5610 --ppid:5212 --name:queue_task:Master]：
master kill 5611 , return true
[info][18:11:06 --pid:5610 --ppid:5212 --name:queue_task:Master]：
master kill 5612 , return true
[info][18:11:09 --pid:5612 --ppid:5610 --name:queue_task:Worker]：
run worker, times: 4
[info][18:11:09 --pid:5611 --ppid:5610 --name:queue_task:Worker]：
run worker, times: 4
[info][18:11:12 --pid:5612 --ppid:5610 --name:queue_task:Worker]：
run worker, times: 5
[info][18:11:12 --pid:5611 --ppid:5610 --name:queue_task:Worker]：
run worker, times: 5
[info][18:11:15 --pid:5612 --ppid:5610 --name:queue_task:Worker]：
run worker, times: 6
[info][18:11:15 --pid:5611 --ppid:5610 --name:queue_task:Worker]：
run worker, times: 6
[info][18:11:18 --pid:5612 --ppid:5610 --name:queue_task:Worker]：
run worker, times: 7
[info][18:11:18 --pid:5611 --ppid:5610 --name:queue_task:Worker]：
run worker, times: 7
[info][18:11:21 --pid:5612 --ppid:5610 --name:queue_task:Worker]：
run worker, times: 8
[info][18:11:21 --pid:5611 --ppid:5610 --name:queue_task:Worker]：
run worker, times: 8
[info][18:11:24 --pid:5612 --ppid:1 --name:queue_task:Worker]：
run worker, times: 9
[info][18:11:24 --pid:5612 --ppid:1 --name:queue_task:Worker]：
run stop
[info][18:14:58 --pid:5633 --ppid:5212 --name:queue_task:Master]：
setSignal
[info][18:14:58 --pid:5635 --ppid:5633 --name:queue_task:Worker]：
setSignal
[info][18:14:58 --pid:5634 --ppid:5633 --name:queue_task:Worker]：
setSignal
[info][18:14:58 --pid:5634 --ppid:5633 --name:queue_task:Worker]：
run worker, times: 0
[info][18:14:58 --pid:5635 --ppid:5633 --name:queue_task:Worker]：
run worker, times: 0
[info][18:15:01 --pid:5634 --ppid:5633 --name:queue_task:Worker]：
run worker, times: 1
[info][18:15:01 --pid:5635 --ppid:5633 --name:queue_task:Worker]：
run worker, times: 1
[info][18:15:04 --pid:5635 --ppid:5633 --name:queue_task:Worker]：
run worker, times: 2
[info][18:15:04 --pid:5634 --ppid:5633 --name:queue_task:Worker]：
run worker, times: 2
[info][18:15:05 --pid:5633 --ppid:5212 --name:queue_task:Master]：
master kill 5634 , return true
[info][18:15:05 --pid:5633 --ppid:5212 --name:queue_task:Master]：
master kill 5635 , return true
[info][18:15:07 --pid:5635 --ppid:5633 --name:queue_task:Worker]：
run worker, times: 3
[info][18:15:07 --pid:5634 --ppid:5633 --name:queue_task:Worker]：
run worker, times: 3
[info][18:15:10 --pid:5635 --ppid:5633 --name:queue_task:Worker]：
run worker, times: 4
[info][18:15:10 --pid:5634 --ppid:5633 --name:queue_task:Worker]：
run worker, times: 4
[info][18:15:13 --pid:5635 --ppid:5633 --name:queue_task:Worker]：
run worker, times: 5
[info][18:15:13 --pid:5634 --ppid:5633 --name:queue_task:Worker]：
run worker, times: 5
[info][18:15:16 --pid:5635 --ppid:5633 --name:queue_task:Worker]：
run worker, times: 6
[info][18:15:16 --pid:5634 --ppid:5633 --name:queue_task:Worker]：
run worker, times: 6
[info][18:15:19 --pid:5635 --ppid:5633 --name:queue_task:Worker]：
run worker, times: 7
[info][18:15:19 --pid:5634 --ppid:5633 --name:queue_task:Worker]：
run worker, times: 7
[info][18:15:22 --pid:5635 --ppid:5633 --name:queue_task:Worker]：
run worker, times: 8
[info][18:15:22 --pid:5634 --ppid:5633 --name:queue_task:Worker]：
run worker, times: 8
[info][18:15:25 --pid:5635 --ppid:5633 --name:queue_task:Worker]：
run worker, times: 9
[info][18:15:25 --pid:5634 --ppid:5633 --name:queue_task:Worker]：
run worker, times: 9
[info][18:15:28 --pid:5635 --ppid:5633 --name:queue_task:Worker]：
run worker, times: 10
[info][18:15:28 --pid:5634 --ppid:5633 --name:queue_task:Worker]：
run worker, times: 10
[info][18:15:31 --pid:5635 --ppid:5633 --name:queue_task:Worker]：
run worker, times: 11
[info][18:15:31 --pid:5634 --ppid:5633 --name:queue_task:Worker]：
run worker, times: 11
[info][18:15:34 --pid:5635 --ppid:5633 --name:queue_task:Worker]：
run worker, times: 12
[info][18:15:34 --pid:5634 --ppid:5633 --name:queue_task:Worker]：
run worker, times: 12
[info][18:15:37 --pid:5635 --ppid:5633 --name:queue_task:Worker]：
run worker, times: 13
[info][18:15:37 --pid:5634 --ppid:5633 --name:queue_task:Worker]：
run worker, times: 13
[info][18:15:40 --pid:5635 --ppid:5633 --name:queue_task:Worker]：
run worker, times: 14
[info][18:15:40 --pid:5634 --ppid:5633 --name:queue_task:Worker]：
run worker, times: 14
[info][18:15:43 --pid:5635 --ppid:5633 --name:queue_task:Worker]：
run worker, times: 15
[info][18:15:43 --pid:5634 --ppid:5633 --name:queue_task:Worker]：
run worker, times: 15
[info][18:15:46 --pid:5635 --ppid:5633 --name:queue_task:Worker]：
run worker, times: 16
[info][18:15:46 --pid:5634 --ppid:5633 --name:queue_task:Worker]：
run worker, times: 16
[info][18:15:49 --pid:5635 --ppid:5633 --name:queue_task:Worker]：
run worker, times: 17
[info][18:15:49 --pid:5634 --ppid:5633 --name:queue_task:Worker]：
run worker, times: 17
[info][18:15:52 --pid:5635 --ppid:1 --name:queue_task:Worker]：
run worker, times: 18
[info][18:18:59 --pid:5667 --ppid:5212 --name:queue_task:Master]：
setSignal
[info][18:18:59 --pid:5668 --ppid:5667 --name:queue_task:Worker]：
setSignal
[info][18:18:59 --pid:5669 --ppid:5667 --name:queue_task:Worker]：
setSignal
[info][18:18:59 --pid:5668 --ppid:5667 --name:queue_task:Worker]：
run worker, times: 0
[info][18:18:59 --pid:5669 --ppid:5667 --name:queue_task:Worker]：
run worker, times: 0
[info][18:19:02 --pid:5668 --ppid:5667 --name:queue_task:Worker]：
run worker, times: 1
[info][18:19:02 --pid:5669 --ppid:5667 --name:queue_task:Worker]：
run worker, times: 1
[info][18:19:05 --pid:5668 --ppid:5667 --name:queue_task:Worker]：
run worker, times: 2
[info][18:19:05 --pid:5669 --ppid:5667 --name:queue_task:Worker]：
run worker, times: 2
[info][18:19:08 --pid:5668 --ppid:5667 --name:queue_task:Worker]：
run worker, times: 3
[info][18:19:08 --pid:5669 --ppid:5667 --name:queue_task:Worker]：
run worker, times: 3
[info][18:19:11 --pid:5668 --ppid:5667 --name:queue_task:Worker]：
run worker, times: 4
[info][18:19:11 --pid:5669 --ppid:5667 --name:queue_task:Worker]：
run worker, times: 4
[info][18:19:14 --pid:5668 --ppid:5667 --name:queue_task:Worker]：
run worker, times: 5
[info][18:19:14 --pid:5669 --ppid:5667 --name:queue_task:Worker]：
run worker, times: 5
[info][18:19:17 --pid:5668 --ppid:5667 --name:queue_task:Worker]：
run worker, times: 6
[info][18:19:17 --pid:5669 --ppid:5667 --name:queue_task:Worker]：
run worker, times: 6
[info][18:19:20 --pid:5668 --ppid:5667 --name:queue_task:Worker]：
run worker, times: 7
[info][18:19:20 --pid:5669 --ppid:5667 --name:queue_task:Worker]：
run worker, times: 7
[info][18:19:23 --pid:5668 --ppid:5667 --name:queue_task:Worker]：
run worker, times: 8
[info][18:19:23 --pid:5669 --ppid:5667 --name:queue_task:Worker]：
run worker, times: 8
[info][18:19:26 --pid:5668 --ppid:5667 --name:queue_task:Worker]：
run worker, times: 9
[info][18:19:26 --pid:5669 --ppid:5667 --name:queue_task:Worker]：
run worker, times: 9
[info][18:19:29 --pid:5668 --ppid:5667 --name:queue_task:Worker]：
run worker, times: 10
[info][18:19:29 --pid:5669 --ppid:5667 --name:queue_task:Worker]：
run worker, times: 10
[info][18:19:31 --pid:5667 --ppid:5212 --name:queue_task:Master]：
master kill 5668 , return true
[info][18:19:31 --pid:5667 --ppid:5212 --name:queue_task:Master]：
master kill 5669 , return true
[info][18:19:32 --pid:5668 --ppid:5667 --name:queue_task:Worker]：
run worker, times: 11
[info][18:19:32 --pid:5669 --ppid:5667 --name:queue_task:Worker]：
run worker, times: 11
[info][18:19:35 --pid:5668 --ppid:5667 --name:queue_task:Worker]：
run worker, times: 12
[info][18:19:35 --pid:5669 --ppid:5667 --name:queue_task:Worker]：
run worker, times: 12
[info][18:19:38 --pid:5668 --ppid:5667 --name:queue_task:Worker]：
run worker, times: 13
[info][18:19:38 --pid:5669 --ppid:5667 --name:queue_task:Worker]：
run worker, times: 13
[info][18:19:41 --pid:5668 --ppid:5667 --name:queue_task:Worker]：
run worker, times: 14
[info][18:19:41 --pid:5669 --ppid:5667 --name:queue_task:Worker]：
run worker, times: 14
[info][18:19:44 --pid:5669 --ppid:1 --name:queue_task:Worker]：
run worker, times: 15
[info][18:19:47 --pid:5669 --ppid:1 --name:queue_task:Worker]：
run worker, times: 16
[info][18:19:50 --pid:5669 --ppid:1 --name:queue_task:Worker]：
run worker, times: 17
[info][18:33:58 --pid:5701 --ppid:5212 --name:queue_task:Master]：
setSignal
[info][18:36:39 --pid:5722 --ppid:5212 --name:queue_task:Master]：
setSignal
[info][18:37:40 --pid:5727 --ppid:5212 --name:queue_task:Master]：
setSignal
[info][18:37:40 --pid:5729 --ppid:5727 --name:queue_task:Worker]：
run worker, times: 0
[info][18:37:40 --pid:5728 --ppid:5727 --name:queue_task:Worker]：
run worker, times: 0
[info][18:37:43 --pid:5729 --ppid:5727 --name:queue_task:Worker]：
run worker, times: 1
[info][18:37:43 --pid:5728 --ppid:5727 --name:queue_task:Worker]：
run worker, times: 1
[info][18:37:46 --pid:5729 --ppid:5727 --name:queue_task:Worker]：
run worker, times: 2
[info][18:37:46 --pid:5728 --ppid:5727 --name:queue_task:Worker]：
run worker, times: 2
[info][18:37:49 --pid:5729 --ppid:5727 --name:queue_task:Worker]：
run worker, times: 3
[info][18:37:49 --pid:5728 --ppid:5727 --name:queue_task:Worker]：
run worker, times: 3
[info][18:37:49 --pid:5727 --ppid:5212 --name:queue_task:Master]：
master kill 5728 , return true
[info][18:37:49 --pid:5727 --ppid:5212 --name:queue_task:Master]：
master kill 5729 , return true
[info][18:37:52 --pid:5729 --ppid:5727 --name:queue_task:Worker]：
run worker, times: 4
[info][18:37:52 --pid:5728 --ppid:5727 --name:queue_task:Worker]：
run worker, times: 4
[info][18:37:55 --pid:5729 --ppid:5727 --name:queue_task:Worker]：
run worker, times: 5
[info][18:37:55 --pid:5728 --ppid:5727 --name:queue_task:Worker]：
run worker, times: 5
[info][18:37:58 --pid:5729 --ppid:1 --name:queue_task:Worker]：
run worker, times: 6
[info][18:38:01 --pid:5729 --ppid:1 --name:queue_task:Worker]：
run worker, times: 7
[info][18:45:30 --pid:5820 --ppid:5212 --name:queue_task:Master]：
setSignal
[info][18:45:30 --pid:5822 --ppid:5820 --name:queue_task:Worker]：
run worker, times: 0
[info][18:45:30 --pid:5821 --ppid:5820 --name:queue_task:Worker]：
run worker, times: 0
[info][18:45:33 --pid:5822 --ppid:5820 --name:queue_task:Worker]：
run worker, times: 1
[info][18:45:33 --pid:5821 --ppid:5820 --name:queue_task:Worker]：
run worker, times: 1
[info][18:45:36 --pid:5822 --ppid:5820 --name:queue_task:Worker]：
run worker, times: 2
[info][18:45:36 --pid:5821 --ppid:5820 --name:queue_task:Worker]：
run worker, times: 2
[info][18:45:37 --pid:5820 --ppid:5212 --name:queue_task:Master]：
master kill 5821 , return true
[info][18:45:37 --pid:5820 --ppid:5212 --name:queue_task:Master]：
master kill 5822 , return true
[info][18:45:39 --pid:5822 --ppid:5820 --name:queue_task:Worker]：
run worker, times: 3
[info][18:45:39 --pid:5821 --ppid:5820 --name:queue_task:Worker]：
run worker, times: 3
[info][18:45:42 --pid:5822 --ppid:5820 --name:queue_task:Worker]：
run worker, times: 4
[info][18:45:42 --pid:5821 --ppid:5820 --name:queue_task:Worker]：
run worker, times: 4
[info][18:45:45 --pid:5822 --ppid:5820 --name:queue_task:Worker]：
run worker, times: 5
[info][18:45:45 --pid:5821 --ppid:5820 --name:queue_task:Worker]：
run worker, times: 5
[info][18:45:48 --pid:5822 --ppid:5820 --name:queue_task:Worker]：
run worker, times: 6
[info][18:45:48 --pid:5821 --ppid:5820 --name:queue_task:Worker]：
run worker, times: 6
[info][18:45:51 --pid:5822 --ppid:5820 --name:queue_task:Worker]：
run worker, times: 7
[info][18:45:51 --pid:5821 --ppid:5820 --name:queue_task:Worker]：
run worker, times: 7
[info][18:46:40 --pid:5837 --ppid:5212 --name:queue_task:Master]：
setSignal
[info][18:54:21 --pid:5886 --ppid:5212 --name:queue_task:Master]：
setSignal
[info][18:54:21 --pid:5887 --ppid:5886 --name:queue_task:Worker]：
setSignal worker
[info][18:54:21 --pid:5887 --ppid:5886 --name:queue_task:Worker]：
run worker, times: 0
[info][18:54:21 --pid:5888 --ppid:5886 --name:queue_task:Worker]：
setSignal worker
[info][18:54:21 --pid:5888 --ppid:5886 --name:queue_task:Worker]：
run worker, times: 0
[info][18:54:24 --pid:5887 --ppid:5886 --name:queue_task:Worker]：
run worker, times: 1
[info][18:54:24 --pid:5888 --ppid:5886 --name:queue_task:Worker]：
run worker, times: 1
[info][18:54:27 --pid:5888 --ppid:5886 --name:queue_task:Worker]：
run worker, times: 2
[info][18:54:27 --pid:5887 --ppid:5886 --name:queue_task:Worker]：
run worker, times: 2
[info][18:54:28 --pid:5886 --ppid:5212 --name:queue_task:Master]：
master kill 5887 , return true
[info][18:54:28 --pid:5886 --ppid:5212 --name:queue_task:Master]：
master kill 5888 , return true
[info][18:54:30 --pid:5888 --ppid:5886 --name:queue_task:Worker]：
run worker, times: 3
[info][18:54:30 --pid:5887 --ppid:5886 --name:queue_task:Worker]：
run worker, times: 3
[info][18:54:33 --pid:5888 --ppid:5886 --name:queue_task:Worker]：
run worker, times: 4
[info][18:54:33 --pid:5887 --ppid:5886 --name:queue_task:Worker]：
run worker, times: 4
[info][18:54:36 --pid:5888 --ppid:5886 --name:queue_task:Worker]：
run worker, times: 5
[info][18:54:36 --pid:5887 --ppid:5886 --name:queue_task:Worker]：
run worker, times: 5
[info][18:54:39 --pid:5888 --ppid:5886 --name:queue_task:Worker]：
run worker, times: 6
[info][18:54:39 --pid:5887 --ppid:5886 --name:queue_task:Worker]：
run worker, times: 6
[info][18:54:42 --pid:5888 --ppid:5886 --name:queue_task:Worker]：
run worker, times: 7
[info][18:54:42 --pid:5887 --ppid:5886 --name:queue_task:Worker]：
run worker, times: 7
[info][18:54:45 --pid:5888 --ppid:5886 --name:queue_task:Worker]：
run worker, times: 8
[info][18:54:45 --pid:5887 --ppid:5886 --name:queue_task:Worker]：
run worker, times: 8
[info][18:54:48 --pid:5888 --ppid:5886 --name:queue_task:Worker]：
run worker, times: 9
[info][18:54:48 --pid:5887 --ppid:5886 --name:queue_task:Worker]：
run worker, times: 9
[info][18:54:51 --pid:5888 --ppid:5886 --name:queue_task:Worker]：
run worker, times: 10
[info][18:54:51 --pid:5887 --ppid:5886 --name:queue_task:Worker]：
run worker, times: 10
[info][18:54:54 --pid:5888 --ppid:5886 --name:queue_task:Worker]：
run worker, times: 11
[info][18:54:54 --pid:5887 --ppid:5886 --name:queue_task:Worker]：
run worker, times: 11
[info][18:54:57 --pid:5888 --ppid:5886 --name:queue_task:Worker]：
run worker, times: 12
[info][18:54:57 --pid:5887 --ppid:5886 --name:queue_task:Worker]：
run worker, times: 12
[info][18:55:00 --pid:5888 --ppid:5886 --name:queue_task:Worker]：
run worker, times: 13
[info][18:55:00 --pid:5887 --ppid:5886 --name:queue_task:Worker]：
run worker, times: 13
[info][18:55:03 --pid:5888 --ppid:5886 --name:queue_task:Worker]：
run worker, times: 14
[info][18:55:03 --pid:5887 --ppid:5886 --name:queue_task:Worker]：
run worker, times: 14
[info][18:55:06 --pid:5888 --ppid:5886 --name:queue_task:Worker]：
run worker, times: 15
[info][18:55:06 --pid:5887 --ppid:5886 --name:queue_task:Worker]：
run worker, times: 15
[info][18:55:09 --pid:5888 --ppid:1 --name:queue_task:Worker]：
run worker, times: 16
[info][18:55:12 --pid:5888 --ppid:1 --name:queue_task:Worker]：
run worker, times: 17
[info][19:12:18 --pid:5920 --ppid:5212 --name:queue_task:Master]：
setSignal
[info][19:12:18 --pid:5921 --ppid:5920 --name:queue_task:Worker]：
setSignal worker
[info][19:12:18 --pid:5922 --ppid:5920 --name:queue_task:Worker]：
setSignal worker
[info][19:12:18 --pid:5921 --ppid:5920 --name:queue_task:Worker]：
run worker, times: 0
[info][19:12:18 --pid:5922 --ppid:5920 --name:queue_task:Worker]：
run worker, times: 0
[info][19:12:21 --pid:5921 --ppid:5920 --name:queue_task:Worker]：
run worker, times: 1
[info][19:12:21 --pid:5922 --ppid:5920 --name:queue_task:Worker]：
run worker, times: 1
[info][19:12:24 --pid:5922 --ppid:5920 --name:queue_task:Worker]：
run worker, times: 2
[info][19:12:24 --pid:5921 --ppid:5920 --name:queue_task:Worker]：
run worker, times: 2
[info][19:12:27 --pid:5922 --ppid:5920 --name:queue_task:Worker]：
run worker, times: 3
[info][19:12:27 --pid:5921 --ppid:5920 --name:queue_task:Worker]：
run worker, times: 3
[info][19:12:30 --pid:5922 --ppid:5920 --name:queue_task:Worker]：
run worker, times: 4
[info][19:12:30 --pid:5921 --ppid:5920 --name:queue_task:Worker]：
run worker, times: 4
[info][19:12:33 --pid:5922 --ppid:5920 --name:queue_task:Worker]：
run worker, times: 5
[info][19:12:33 --pid:5921 --ppid:5920 --name:queue_task:Worker]：
run worker, times: 5
[info][19:12:36 --pid:5922 --ppid:5920 --name:queue_task:Worker]：
run worker, times: 6
[info][19:12:36 --pid:5921 --ppid:5920 --name:queue_task:Worker]：
run worker, times: 6
[info][19:12:39 --pid:5922 --ppid:5920 --name:queue_task:Worker]：
run worker, times: 7
[info][19:12:39 --pid:5921 --ppid:5920 --name:queue_task:Worker]：
run worker, times: 7
[info][19:12:42 --pid:5922 --ppid:5920 --name:queue_task:Worker]：
run worker, times: 8
[info][19:12:42 --pid:5921 --ppid:5920 --name:queue_task:Worker]：
run worker, times: 8
[info][19:12:45 --pid:5922 --ppid:5920 --name:queue_task:Worker]：
run worker, times: 9
[info][19:12:45 --pid:5921 --ppid:5920 --name:queue_task:Worker]：
run worker, times: 9
[info][19:12:48 --pid:5922 --ppid:5920 --name:queue_task:Worker]：
run worker, times: 10
[info][19:12:48 --pid:5921 --ppid:5920 --name:queue_task:Worker]：
run worker, times: 10
[info][19:12:51 --pid:5922 --ppid:5920 --name:queue_task:Worker]：
run worker, times: 11
[info][19:12:51 --pid:5921 --ppid:5920 --name:queue_task:Worker]：
run worker, times: 11
[info][19:12:54 --pid:5922 --ppid:5920 --name:queue_task:Worker]：
run worker, times: 12
[info][19:12:54 --pid:5921 --ppid:5920 --name:queue_task:Worker]：
run worker, times: 12
[info][19:12:57 --pid:5922 --ppid:5920 --name:queue_task:Worker]：
run worker, times: 13
[info][19:12:57 --pid:5921 --ppid:5920 --name:queue_task:Worker]：
run worker, times: 13
[info][19:13:00 --pid:5922 --ppid:5920 --name:queue_task:Worker]：
run worker, times: 14
[info][19:13:00 --pid:5921 --ppid:5920 --name:queue_task:Worker]：
run worker, times: 14
[info][19:13:03 --pid:5922 --ppid:5920 --name:queue_task:Worker]：
run worker, times: 15
[info][19:13:03 --pid:5921 --ppid:5920 --name:queue_task:Worker]：
run worker, times: 15
[info][19:13:06 --pid:5922 --ppid:5920 --name:queue_task:Worker]：
run worker, times: 16
[info][19:13:06 --pid:5921 --ppid:5920 --name:queue_task:Worker]：
run worker, times: 16
[info][19:13:09 --pid:5922 --ppid:5920 --name:queue_task:Worker]：
run worker, times: 17
[info][19:13:09 --pid:5921 --ppid:5920 --name:queue_task:Worker]：
run worker, times: 17
[info][19:13:12 --pid:5922 --ppid:5920 --name:queue_task:Worker]：
run worker, times: 18
[info][19:13:12 --pid:5921 --ppid:5920 --name:queue_task:Worker]：
run worker, times: 18
[info][19:13:15 --pid:5922 --ppid:5920 --name:queue_task:Worker]：
run worker, times: 19
[info][19:13:15 --pid:5921 --ppid:5920 --name:queue_task:Worker]：
run worker, times: 19
[info][19:13:18 --pid:5922 --ppid:5920 --name:queue_task:Worker]：
run worker, times: 20
[info][19:13:18 --pid:5921 --ppid:5920 --name:queue_task:Worker]：
run worker, times: 20
[info][19:13:21 --pid:5922 --ppid:5920 --name:queue_task:Worker]：
run worker, times: 21
[info][19:13:21 --pid:5921 --ppid:5920 --name:queue_task:Worker]：
run worker, times: 21
[info][19:13:24 --pid:5922 --ppid:5920 --name:queue_task:Worker]：
run worker, times: 22
[info][19:13:24 --pid:5921 --ppid:5920 --name:queue_task:Worker]：
run worker, times: 22
[info][19:13:27 --pid:5922 --ppid:5920 --name:queue_task:Worker]：
run worker, times: 23
[info][19:13:27 --pid:5921 --ppid:5920 --name:queue_task:Worker]：
run worker, times: 23
[info][19:13:30 --pid:5922 --ppid:5920 --name:queue_task:Worker]：
run worker, times: 24
[info][19:13:30 --pid:5921 --ppid:5920 --name:queue_task:Worker]：
run worker, times: 24
[info][19:13:33 --pid:5922 --ppid:5920 --name:queue_task:Worker]：
run worker, times: 25
[info][19:13:33 --pid:5921 --ppid:5920 --name:queue_task:Worker]：
run worker, times: 25
[info][19:13:36 --pid:5922 --ppid:5920 --name:queue_task:Worker]：
run worker, times: 26
[info][19:13:36 --pid:5921 --ppid:5920 --name:queue_task:Worker]：
run worker, times: 26
[info][19:13:39 --pid:5922 --ppid:5920 --name:queue_task:Worker]：
run worker, times: 27
[info][19:13:39 --pid:5921 --ppid:5920 --name:queue_task:Worker]：
run worker, times: 27
[info][19:13:42 --pid:5922 --ppid:5920 --name:queue_task:Worker]：
run worker, times: 28
[info][19:13:42 --pid:5921 --ppid:5920 --name:queue_task:Worker]：
run worker, times: 28
[info][19:13:45 --pid:5922 --ppid:5920 --name:queue_task:Worker]：
run worker, times: 29
[info][19:13:45 --pid:5921 --ppid:5920 --name:queue_task:Worker]：
run worker, times: 29
[info][19:13:48 --pid:5922 --ppid:5920 --name:queue_task:Worker]：
run worker, times: 30
[info][19:13:48 --pid:5921 --ppid:5920 --name:queue_task:Worker]：
run worker, times: 30
[info][19:13:51 --pid:5922 --ppid:5920 --name:queue_task:Worker]：
run worker, times: 31
[info][19:13:51 --pid:5921 --ppid:5920 --name:queue_task:Worker]：
run worker, times: 31
[info][19:13:54 --pid:5922 --ppid:5920 --name:queue_task:Worker]：
run worker, times: 32
[info][19:13:54 --pid:5921 --ppid:5920 --name:queue_task:Worker]：
run worker, times: 32
[info][19:13:57 --pid:5922 --ppid:5920 --name:queue_task:Worker]：
run worker, times: 33
[info][19:13:57 --pid:5921 --ppid:5920 --name:queue_task:Worker]：
run worker, times: 33
[info][19:14:00 --pid:5922 --ppid:5920 --name:queue_task:Worker]：
run worker, times: 34
[info][19:14:00 --pid:5921 --ppid:5920 --name:queue_task:Worker]：
run worker, times: 34
[info][19:14:03 --pid:5922 --ppid:5920 --name:queue_task:Worker]：
run worker, times: 35
[info][19:14:03 --pid:5921 --ppid:5920 --name:queue_task:Worker]：
run worker, times: 35
[info][19:14:06 --pid:5922 --ppid:5920 --name:queue_task:Worker]：
run worker, times: 36
[info][19:14:06 --pid:5921 --ppid:5920 --name:queue_task:Worker]：
run worker, times: 36
[info][19:14:07 --pid:5920 --ppid:5212 --name:queue_task:Master]：
master kill 5921 , return true
[info][19:14:07 --pid:5920 --ppid:5212 --name:queue_task:Master]：
master kill 5922 , return true
[info][19:14:09 --pid:5922 --ppid:5920 --name:queue_task:Worker]：
run worker, times: 37
[info][19:14:09 --pid:5921 --ppid:5920 --name:queue_task:Worker]：
run worker, times: 37
[info][19:14:12 --pid:5922 --ppid:5920 --name:queue_task:Worker]：
run worker, times: 38
[info][19:14:12 --pid:5921 --ppid:5920 --name:queue_task:Worker]：
run worker, times: 38
[info][19:14:15 --pid:5922 --ppid:5920 --name:queue_task:Worker]：
run worker, times: 39
[info][19:14:15 --pid:5921 --ppid:5920 --name:queue_task:Worker]：
run worker, times: 39
[info][19:14:31 --pid:5954 --ppid:5212 --name:queue_task:Master]：
setSignal
[info][19:14:31 --pid:5955 --ppid:5954 --name:queue_task:Worker]：
setSignal worker
[info][19:14:31 --pid:5955 --ppid:5954 --name:queue_task:Worker]：
run worker, times: 0，res：true
[info][19:14:31 --pid:5956 --ppid:5954 --name:queue_task:Worker]：
setSignal worker
[info][19:14:31 --pid:5956 --ppid:5954 --name:queue_task:Worker]：
run worker, times: 0，res：true
[info][19:14:34 --pid:5955 --ppid:5954 --name:queue_task:Worker]：
run worker, times: 1，res：true
[info][19:14:34 --pid:5956 --ppid:5954 --name:queue_task:Worker]：
run worker, times: 1，res：true
[info][19:14:37 --pid:5956 --ppid:5954 --name:queue_task:Worker]：
run worker, times: 2，res：true
[info][19:14:37 --pid:5955 --ppid:5954 --name:queue_task:Worker]：
run worker, times: 2，res：true
[info][19:14:40 --pid:5956 --ppid:5954 --name:queue_task:Worker]：
run worker, times: 3，res：true
[info][19:14:40 --pid:5955 --ppid:5954 --name:queue_task:Worker]：
run worker, times: 3，res：true
[info][19:14:43 --pid:5956 --ppid:5954 --name:queue_task:Worker]：
run worker, times: 4，res：true
[info][19:14:43 --pid:5955 --ppid:5954 --name:queue_task:Worker]：
run worker, times: 4，res：true
[info][19:14:46 --pid:5956 --ppid:5954 --name:queue_task:Worker]：
run worker, times: 5，res：true
[info][19:14:46 --pid:5955 --ppid:5954 --name:queue_task:Worker]：
run worker, times: 5，res：true
[info][19:14:49 --pid:5956 --ppid:5954 --name:queue_task:Worker]：
run worker, times: 6，res：true
[info][19:14:49 --pid:5955 --ppid:5954 --name:queue_task:Worker]：
run worker, times: 6，res：true
[info][19:14:52 --pid:5956 --ppid:5954 --name:queue_task:Worker]：
run worker, times: 7，res：true
[info][19:14:52 --pid:5955 --ppid:5954 --name:queue_task:Worker]：
run worker, times: 7，res：true
[info][19:14:55 --pid:5956 --ppid:5954 --name:queue_task:Worker]：
run worker, times: 8，res：true
[info][19:14:55 --pid:5955 --ppid:5954 --name:queue_task:Worker]：
run worker, times: 8，res：true
[info][19:14:58 --pid:5956 --ppid:5954 --name:queue_task:Worker]：
run worker, times: 9，res：true
[info][19:14:58 --pid:5955 --ppid:5954 --name:queue_task:Worker]：
run worker, times: 9，res：true
[info][19:15:01 --pid:5956 --ppid:5954 --name:queue_task:Worker]：
run worker, times: 10，res：true
[info][19:15:01 --pid:5955 --ppid:5954 --name:queue_task:Worker]：
run worker, times: 10，res：true
[info][19:15:04 --pid:5956 --ppid:5954 --name:queue_task:Worker]：
run worker, times: 11，res：true
[info][19:15:04 --pid:5955 --ppid:5954 --name:queue_task:Worker]：
run worker, times: 11，res：true
[info][19:15:07 --pid:5956 --ppid:5954 --name:queue_task:Worker]：
run worker, times: 12，res：true
[info][19:15:07 --pid:5955 --ppid:5954 --name:queue_task:Worker]：
run worker, times: 12，res：true
[info][19:15:10 --pid:5956 --ppid:5954 --name:queue_task:Worker]：
run worker, times: 13，res：true
[info][19:15:10 --pid:5955 --ppid:5954 --name:queue_task:Worker]：
run worker, times: 13，res：true
[info][19:15:13 --pid:5956 --ppid:5954 --name:queue_task:Worker]：
run worker, times: 14，res：true
[info][19:15:13 --pid:5955 --ppid:5954 --name:queue_task:Worker]：
run worker, times: 14，res：true
[info][19:15:16 --pid:5956 --ppid:5954 --name:queue_task:Worker]：
run worker, times: 15，res：true
[info][19:15:16 --pid:5955 --ppid:5954 --name:queue_task:Worker]：
run worker, times: 15，res：true
[info][19:15:19 --pid:5956 --ppid:5954 --name:queue_task:Worker]：
run worker, times: 16，res：true
[info][19:15:19 --pid:5955 --ppid:5954 --name:queue_task:Worker]：
run worker, times: 16，res：true
[info][19:15:22 --pid:5956 --ppid:5954 --name:queue_task:Worker]：
run worker, times: 17，res：true
[info][19:15:22 --pid:5955 --ppid:5954 --name:queue_task:Worker]：
run worker, times: 17，res：true
[info][19:15:25 --pid:5956 --ppid:5954 --name:queue_task:Worker]：
run worker, times: 18，res：true
[info][19:17:23 --pid:5967 --ppid:5212 --name:queue_task:Master]：
setSignal
[info][19:17:23 --pid:5969 --ppid:5967 --name:queue_task:Worker]：
setSignal worker
[info][19:17:23 --pid:5968 --ppid:5967 --name:queue_task:Worker]：
setSignal worker
[info][19:18:27 --pid:5977 --ppid:5212 --name:queue_task:Master]：
setSignal
[info][19:18:44 --pid:5978 --ppid:5212 --name:queue_task:Master]：
setSignal
